[35m[1mScanning dependencies of target xcontroller[0m
[ 50%] [32mBuilding CXX object CMakeFiles/xcontroller.dir/src/xcontroller.cpp.o[0m
[01m[K/home/cl4y3r/xcontroller/src/xcontroller.cpp:[m[K In member function â€˜[01m[Kdouble ChassisController::lateral_controller(double, double, double, double, double, double)[m[Kâ€™:
[01m[K/home/cl4y3r/xcontroller/src/xcontroller.cpp:188:5:[m[K [01;31m[Kerror: [m[Kexpected â€˜[01m[K,[m[Kâ€™ or â€˜[01m[K;[m[Kâ€™ before â€˜[01m[Kdouble[m[Kâ€™
  188 |     [01;31m[Kdouble[m[K err_d_p = velocity_y * cos(yaw - theta_ref_new) + velocity_x * sin(yaw - theta_ref_new);
      |     [01;31m[K^~~~~~[m[K
[01m[K/home/cl4y3r/xcontroller/src/xcontroller.cpp:198:23:[m[K [01;31m[Kerror: [m[Kâ€˜[01m[Kerr_d_p[m[Kâ€™ was not declared in this scope; did you mean â€˜[01m[Kerr_d[m[Kâ€™?
  198 |     cout<<"err_d_p "<<[01;31m[Kerr_d_p[m[K<<endl;
      |                       [01;31m[K^~~~~~~[m[K
      |                       [32m[Kerr_d[m[K
[01m[K/home/cl4y3r/xcontroller/src/xcontroller.cpp:184:12:[m[K [01;35m[Kwarning: [m[Kunused variable â€˜[01m[Kerr_s[m[Kâ€™ [[01;35m[K-Wunused-variable[m[K]
  184 |     double [01;35m[Kerr_s[m[K = (tor * distance)(0,0); //arc length between match point and projection point
      |            [01;35m[K^~~~~[m[K
make[2]: *** [CMakeFiles/xcontroller.dir/build.make:63: CMakeFiles/xcontroller.dir/src/xcontroller.cpp.o] Error 1
make[1]: *** [CMakeFiles/Makefile2:78: CMakeFiles/xcontroller.dir/all] Error 2
make: *** [Makefile:141: all] Error 2
